Drill report for attiny85_remote.kicad_pcb
Created on 04.07.2023 16:48:53

Copper Layer Stackup:
    =============================================================
    L1 :  F.Cu                      front
    L2 :  B.Cu                      back


Drill file 'attiny85_remote-PTH.drl' contains
    plated through holes:
    =============================================================
    T1  0,300mm  0,0118"  (50 holes)
    T2  0,400mm  0,0157"  (5 holes)
    T3  0,800mm  0,0315"  (18 holes)
    T4  1,100mm  0,0433"  (12 holes)
    T5  1,170mm  0,0461"  (1 hole)
    T6  1,500mm  0,0591"  (1 hole)

    Total plated holes count 87


Drill file 'attiny85_remote-NPTH.drl' contains
    unplated through holes:
    =============================================================

    Total unplated holes count 0
